<?xml version="1.0" encoding="UTF-8"?>
<testng-results ignored="0" total="1" passed="1" failed="0" skipped="0">
  <reporter-output>
  </reporter-output>
  <suite started-at="2022-10-14T12:17:04Z" name="Default suite" finished-at="2022-10-14T12:17:04Z" duration-ms="23">
    <groups>
    </groups>
    <test started-at="2022-10-14T12:17:04Z" name="Default test" finished-at="2022-10-14T12:17:04Z" duration-ms="23">
      <class name="stepdefinition.Tc7_ChoosePriceWithoutvalidData">
        <test-method signature="f()[pri:0, instance:stepdefinition.Tc7_ChoosePriceWithoutvalidData@79207381]" started-at="2022-10-14T12:17:04Z" name="f" finished-at="2022-10-14T12:17:04Z" duration-ms="7" status="PASS">
          <reporter-output>
          </reporter-output>
        </test-method> <!-- f -->
      </class> <!-- stepdefinition.Tc7_ChoosePriceWithoutvalidData -->
    </test> <!-- Default test -->
  </suite> <!-- Default suite -->
</testng-results>
